2024-11-16 20:44:08,104 [main] INFO GTPL Bank - Initiated verification for login and logout of application
2024-11-16 20:44:12,162 [main] INFO GTPL Bank - GTPL Bank internet banking login is successfull in production environment on edge browser
2024-11-16 20:44:13,054 [main] INFO GTPL Bank - Application logout successful
2024-11-16 20:44:13,056 [main] INFO GTPL Bank - Completed verification for login and logout of application
2024-11-16 20:44:18,040 [main] INFO GTPL Bank - Initiated verification for presence of all pages in the application
2024-11-16 20:44:20,370 [main] INFO GTPL Bank - GTPL Bank internet banking login is successfull in production environment on edge browser
2024-11-16 20:44:21,385 [main] INFO GTPL Bank - Verified presence of manager page, working as expected
2024-11-16 20:44:22,294 [main] INFO GTPL Bank - Verified presence of new customer page, working as expected
2024-11-16 20:44:23,385 [main] INFO GTPL Bank - Verified presence of edit customer page, working as expected
2024-11-16 20:44:24,551 [main] INFO GTPL Bank - Verified presence of delete customer page, working as expected
2024-11-16 20:44:25,883 [main] INFO GTPL Bank - Verified presence of new account page, working as expected
2024-11-16 20:44:27,126 [main] INFO GTPL Bank - Verified presence of edit account page, working as expected
2024-11-16 20:44:28,361 [main] INFO GTPL Bank - Verified presence of delete account page, working as expected
2024-11-16 20:44:29,637 [main] INFO GTPL Bank - Verified presence of mini statement page, working as expected
2024-11-16 20:44:30,943 [main] INFO GTPL Bank - Verified presence of customised statement page, working as expected
2024-11-16 20:44:31,950 [main] INFO GTPL Bank - Application logout successful
2024-11-16 20:44:31,952 [main] INFO GTPL Bank - Completed verification for presence of all pages in the application
2024-11-17 12:55:49,071 [main] INFO GTPL Bank - Initiated verification for login and logout of application
2024-11-17 12:55:51,253 [main] INFO GTPL Bank - GTPL Bank internet banking login is successfull in production environment on edge browser
2024-11-17 12:55:51,860 [main] INFO GTPL Bank - Application logout successful
2024-11-17 12:55:51,860 [main] INFO GTPL Bank - Completed verification for login and logout of application
2024-11-17 12:55:56,583 [main] INFO GTPL Bank - Initiated verification for presence of all pages in the application
2024-11-17 12:55:57,796 [main] INFO GTPL Bank - GTPL Bank internet banking login is successfull in production environment on edge browser
2024-11-17 12:55:58,185 [main] INFO GTPL Bank - Verified presence of manager page, working as expected
2024-11-17 12:55:58,580 [main] INFO GTPL Bank - Verified presence of new customer page, working as expected
2024-11-17 12:55:59,211 [main] INFO GTPL Bank - Verified presence of edit customer page, working as expected
2024-11-17 12:55:59,773 [main] INFO GTPL Bank - Verified presence of delete customer page, working as expected
2024-11-17 12:56:00,469 [main] INFO GTPL Bank - Verified presence of new account page, working as expected
2024-11-17 12:56:01,057 [main] INFO GTPL Bank - Verified presence of edit account page, working as expected
2024-11-17 12:56:01,745 [main] INFO GTPL Bank - Verified presence of delete account page, working as expected
2024-11-17 12:56:02,347 [main] INFO GTPL Bank - Verified presence of mini statement page, working as expected
2024-11-17 12:56:02,950 [main] INFO GTPL Bank - Verified presence of customised statement page, working as expected
2024-11-17 12:56:03,692 [main] INFO GTPL Bank - Application logout successful
2024-11-17 12:56:03,693 [main] INFO GTPL Bank - Completed verification for presence of all pages in the application
2024-11-17 12:57:08,074 [main] INFO GTPL Bank - Initiated verification for login and logout of application
2024-11-17 12:57:09,568 [main] INFO GTPL Bank - GTPL Bank internet banking login is successfull in production environment on edge browser
2024-11-17 12:57:10,109 [main] INFO GTPL Bank - Application logout successful
2024-11-17 12:57:10,110 [main] INFO GTPL Bank - Completed verification for login and logout of application
2024-11-17 12:57:14,099 [main] INFO GTPL Bank - Initiated verification for presence of all pages in the application
2024-11-17 12:57:15,113 [main] INFO GTPL Bank - GTPL Bank internet banking login is successfull in production environment on edge browser
2024-11-17 12:57:15,518 [main] INFO GTPL Bank - Verified presence of manager page, working as expected
2024-11-17 12:57:15,946 [main] INFO GTPL Bank - Verified presence of new customer page, working as expected
2024-11-17 12:57:16,527 [main] INFO GTPL Bank - Verified presence of edit customer page, working as expected
2024-11-17 12:57:17,090 [main] INFO GTPL Bank - Verified presence of delete customer page, working as expected
2024-11-17 12:57:17,684 [main] INFO GTPL Bank - Verified presence of new account page, working as expected
2024-11-17 12:57:18,252 [main] INFO GTPL Bank - Verified presence of edit account page, working as expected
2024-11-17 12:57:18,825 [main] INFO GTPL Bank - Verified presence of delete account page, working as expected
2024-11-17 12:57:19,397 [main] INFO GTPL Bank - Verified presence of mini statement page, working as expected
2024-11-17 12:57:19,976 [main] INFO GTPL Bank - Verified presence of customised statement page, working as expected
2024-11-17 12:57:20,516 [main] INFO GTPL Bank - Application logout successful
2024-11-17 12:57:20,517 [main] INFO GTPL Bank - Completed verification for presence of all pages in the application
2024-11-17 13:23:54,271 [main] INFO GTPL Bank - Initiated verification for login and logout of application
2024-11-17 13:23:55,876 [main] INFO GTPL Bank - GTPL Bank internet banking login is successfull in production environment on edge browser
2024-11-17 13:23:56,438 [main] INFO GTPL Bank - Application logout successful
2024-11-17 13:23:56,439 [main] INFO GTPL Bank - Completed verification for login and logout of application
2024-11-17 13:24:00,350 [main] INFO GTPL Bank - Initiated verification for presence of all pages in the application
2024-11-17 13:24:01,541 [main] INFO GTPL Bank - GTPL Bank internet banking login is successfull in production environment on edge browser
2024-11-17 13:24:01,969 [main] INFO GTPL Bank - Verified presence of manager page, working as expected
2024-11-17 13:24:02,421 [main] INFO GTPL Bank - Verified presence of new customer page, working as expected
2024-11-17 13:24:03,043 [main] INFO GTPL Bank - Verified presence of edit customer page, working as expected
2024-11-17 13:24:03,613 [main] INFO GTPL Bank - Verified presence of delete customer page, working as expected
2024-11-17 13:24:04,281 [main] INFO GTPL Bank - Verified presence of new account page, working as expected
2024-11-17 13:24:04,849 [main] INFO GTPL Bank - Verified presence of edit account page, working as expected
2024-11-17 13:24:05,435 [main] INFO GTPL Bank - Verified presence of delete account page, working as expected
2024-11-17 13:24:06,036 [main] INFO GTPL Bank - Verified presence of mini statement page, working as expected
2024-11-17 13:24:06,640 [main] INFO GTPL Bank - Verified presence of customised statement page, working as expected
2024-11-17 13:24:07,190 [main] INFO GTPL Bank - Application logout successful
2024-11-17 13:24:07,191 [main] INFO GTPL Bank - Completed verification for presence of all pages in the application
2024-11-17 21:58:36,739 [main] INFO GTPL Bank - Initiated verification for login and logout of application
2024-11-17 21:58:43,820 [main] INFO GTPL Bank - GTPL Bank internet banking login is successfull in production environment on edge browser
2024-11-17 21:58:45,128 [main] INFO GTPL Bank - Application logout successful
2024-11-17 21:58:45,130 [main] INFO GTPL Bank - Completed verification for login and logout of application
2024-11-17 21:58:51,381 [main] INFO GTPL Bank - Initiated verification for presence of all pages in the application
2024-11-17 21:58:53,683 [main] INFO GTPL Bank - GTPL Bank internet banking login is successfull in production environment on edge browser
2024-11-17 21:58:54,480 [main] INFO GTPL Bank - Verified presence of manager page, working as expected
2024-11-17 21:58:55,361 [main] INFO GTPL Bank - Verified presence of new customer page, working as expected
2024-11-17 21:58:56,496 [main] INFO GTPL Bank - Verified presence of edit customer page, working as expected
2024-11-17 21:58:57,692 [main] INFO GTPL Bank - Verified presence of delete customer page, working as expected
2024-11-17 21:58:58,990 [main] INFO GTPL Bank - Verified presence of new account page, working as expected
2024-11-17 21:59:00,188 [main] INFO GTPL Bank - Verified presence of edit account page, working as expected
2024-11-17 21:59:01,380 [main] INFO GTPL Bank - Verified presence of delete account page, working as expected
2024-11-17 21:59:02,604 [main] INFO GTPL Bank - Verified presence of mini statement page, working as expected
2024-11-17 21:59:03,746 [main] INFO GTPL Bank - Verified presence of customised statement page, working as expected
2024-11-17 21:59:04,826 [main] INFO GTPL Bank - Application logout successful
2024-11-17 21:59:04,828 [main] INFO GTPL Bank - Completed verification for presence of all pages in the application
2024-11-17 22:01:02,382 [main] INFO GTPL Bank - Initiated verification for login and logout of application
2024-11-17 22:01:05,927 [main] INFO GTPL Bank - GTPL Bank internet banking login is successfull in production environment on edge browser
2024-11-17 22:01:07,188 [main] INFO GTPL Bank - Application logout successful
2024-11-17 22:01:07,189 [main] INFO GTPL Bank - Completed verification for login and logout of application
2024-11-17 22:01:12,058 [main] INFO GTPL Bank - Initiated verification for presence of all pages in the application
2024-11-17 22:01:14,788 [main] INFO GTPL Bank - GTPL Bank internet banking login is successfull in production environment on edge browser
2024-11-17 22:01:15,446 [main] INFO GTPL Bank - Verified presence of manager page, working as expected
2024-11-17 22:01:16,181 [main] INFO GTPL Bank - Verified presence of new customer page, working as expected
2024-11-17 22:01:17,376 [main] INFO GTPL Bank - Verified presence of edit customer page, working as expected
2024-11-17 22:01:18,395 [main] INFO GTPL Bank - Verified presence of delete customer page, working as expected
2024-11-17 22:01:19,709 [main] INFO GTPL Bank - Verified presence of new account page, working as expected
2024-11-17 22:01:20,963 [main] INFO GTPL Bank - Verified presence of edit account page, working as expected
2024-11-17 22:01:22,197 [main] INFO GTPL Bank - Verified presence of delete account page, working as expected
2024-11-17 22:01:23,423 [main] INFO GTPL Bank - Verified presence of mini statement page, working as expected
2024-11-17 22:01:24,544 [main] INFO GTPL Bank - Verified presence of customised statement page, working as expected
2024-11-17 22:01:25,730 [main] INFO GTPL Bank - Application logout successful
2024-11-17 22:01:25,731 [main] INFO GTPL Bank - Completed verification for presence of all pages in the application
2024-11-17 22:03:26,645 [main] INFO GTPL Bank - Initiated verification for login and logout of application
2024-11-17 22:03:30,232 [main] INFO GTPL Bank - GTPL Bank internet banking login is successfull in production environment on edge browser
2024-11-17 22:03:31,282 [main] INFO GTPL Bank - Application logout successful
2024-11-17 22:03:31,285 [main] INFO GTPL Bank - Completed verification for login and logout of application
2024-11-17 22:03:36,692 [main] INFO GTPL Bank - Initiated verification for presence of all pages in the application
2024-11-17 22:03:39,502 [main] INFO GTPL Bank - GTPL Bank internet banking login is successfull in production environment on edge browser
2024-11-17 22:03:40,482 [main] INFO GTPL Bank - Verified presence of manager page, working as expected
2024-11-17 22:03:41,452 [main] INFO GTPL Bank - Verified presence of new customer page, working as expected
2024-11-17 22:03:42,732 [main] INFO GTPL Bank - Verified presence of edit customer page, working as expected
2024-11-17 22:03:43,962 [main] INFO GTPL Bank - Verified presence of delete customer page, working as expected
2024-11-17 22:03:45,332 [main] INFO GTPL Bank - Verified presence of new account page, working as expected
2024-11-17 22:03:46,402 [main] INFO GTPL Bank - Verified presence of edit account page, working as expected
2024-11-17 22:03:47,618 [main] INFO GTPL Bank - Verified presence of delete account page, working as expected
2024-11-17 22:03:48,652 [main] INFO GTPL Bank - Verified presence of mini statement page, working as expected
2024-11-17 22:03:49,864 [main] INFO GTPL Bank - Verified presence of customised statement page, working as expected
2024-11-17 22:03:51,026 [main] INFO GTPL Bank - Application logout successful
2024-11-17 22:03:51,028 [main] INFO GTPL Bank - Completed verification for presence of all pages in the application
2024-11-18 10:37:52,864 [main] INFO GTPL Bank - Initiated verification for login and logout of application
2024-11-18 10:37:57,168 [main] INFO GTPL Bank - GTPL Bank internet banking login is successfull in production environment on edge browser
2024-11-18 10:37:58,110 [main] INFO GTPL Bank - Application logout successful
2024-11-18 10:37:58,110 [main] INFO GTPL Bank - Completed verification for login and logout of application
2024-11-18 10:38:07,491 [main] INFO GTPL Bank - Initiated verification for presence of all pages in the application
2024-11-18 10:38:11,229 [main] INFO GTPL Bank - GTPL Bank internet banking login is successfull in production environment on edge browser
2024-11-18 10:38:13,905 [main] INFO GTPL Bank - Verified presence of manager page, working as expected
2024-11-18 10:38:14,912 [main] INFO GTPL Bank - Verified presence of new customer page, working as expected
2024-11-18 10:38:16,171 [main] INFO GTPL Bank - Verified presence of edit customer page, working as expected
2024-11-18 10:38:17,540 [main] INFO GTPL Bank - Verified presence of delete customer page, working as expected
2024-11-18 10:38:19,387 [main] INFO GTPL Bank - Verified presence of new account page, working as expected
2024-11-18 10:38:20,477 [main] INFO GTPL Bank - Verified presence of edit account page, working as expected
2024-11-18 10:38:21,535 [main] INFO GTPL Bank - Verified presence of delete account page, working as expected
2024-11-18 10:38:24,375 [main] INFO GTPL Bank - Verified presence of mini statement page, working as expected
2024-11-18 10:38:25,517 [main] INFO GTPL Bank - Verified presence of customised statement page, working as expected
2024-11-18 10:38:27,257 [main] INFO GTPL Bank - Application logout successful
2024-11-18 10:38:27,260 [main] INFO GTPL Bank - Completed verification for presence of all pages in the application
2024-11-19 21:29:55,623 [main] INFO GTPL Bank - Initiated verification for login and logout of application
2024-11-19 21:30:00,652 [main] INFO GTPL Bank - GTPL Bank internet banking login is successfull in production environment on edge browser
2024-11-19 21:30:01,547 [main] INFO GTPL Bank - Application logout successful
2024-11-19 21:30:01,550 [main] INFO GTPL Bank - Completed verification for login and logout of application
2024-11-19 21:30:06,264 [main] INFO GTPL Bank - Initiated verification for presence of all pages in the application
2024-11-19 21:30:07,933 [main] INFO GTPL Bank - GTPL Bank internet banking login is successfull in production environment on edge browser
2024-11-19 21:30:08,564 [main] INFO GTPL Bank - Verified presence of manager page, working as expected
2024-11-19 21:30:09,183 [main] INFO GTPL Bank - Verified presence of new customer page, working as expected
2024-11-19 21:30:09,961 [main] INFO GTPL Bank - Verified presence of edit customer page, working as expected
2024-11-19 21:30:10,711 [main] INFO GTPL Bank - Verified presence of delete customer page, working as expected
2024-11-19 21:30:11,653 [main] INFO GTPL Bank - Verified presence of new account page, working as expected
2024-11-19 21:30:12,529 [main] INFO GTPL Bank - Verified presence of edit account page, working as expected
2024-11-19 21:30:13,362 [main] INFO GTPL Bank - Verified presence of delete account page, working as expected
2024-11-19 21:30:14,990 [main] INFO GTPL Bank - Verified presence of mini statement page, working as expected
2024-11-19 21:30:15,877 [main] INFO GTPL Bank - Verified presence of customised statement page, working as expected
2024-11-19 21:30:16,759 [main] INFO GTPL Bank - Application logout successful
2024-11-19 21:30:16,764 [main] INFO GTPL Bank - Completed verification for presence of all pages in the application
2024-11-19 22:36:57,311 [main] INFO GTPL Bank - Initiated verification for login and logout of application
2024-11-19 22:37:01,084 [main] INFO GTPL Bank - GTPL Bank internet banking login is successfull in production environment on edge browser
2024-11-19 22:37:01,890 [main] INFO GTPL Bank - Application logout successful
2024-11-19 22:37:01,890 [main] INFO GTPL Bank - Completed verification for login and logout of application
2024-11-19 22:37:06,555 [main] INFO GTPL Bank - Initiated verification for presence of all pages in the application
2024-11-19 22:37:08,127 [main] INFO GTPL Bank - GTPL Bank internet banking login is successfull in production environment on edge browser
2024-11-19 22:37:08,691 [main] INFO GTPL Bank - Verified presence of manager page, working as expected
2024-11-19 22:37:09,328 [main] INFO GTPL Bank - Verified presence of new customer page, working as expected
2024-11-19 22:37:10,117 [main] INFO GTPL Bank - Verified presence of edit customer page, working as expected
2024-11-19 22:37:10,924 [main] INFO GTPL Bank - Verified presence of delete customer page, working as expected
2024-11-19 22:37:11,879 [main] INFO GTPL Bank - Verified presence of new account page, working as expected
2024-11-19 22:37:12,778 [main] INFO GTPL Bank - Verified presence of edit account page, working as expected
2024-11-19 22:37:13,604 [main] INFO GTPL Bank - Verified presence of delete account page, working as expected
2024-11-19 22:37:14,426 [main] INFO GTPL Bank - Verified presence of mini statement page, working as expected
2024-11-19 22:37:15,449 [main] INFO GTPL Bank - Verified presence of customised statement page, working as expected
2024-11-19 22:37:16,315 [main] INFO GTPL Bank - Application logout successful
2024-11-19 22:37:16,315 [main] INFO GTPL Bank - Completed verification for presence of all pages in the application
2024-11-19 22:38:19,135 [main] INFO GTPL Bank - Initiated verification for login and logout of application
2024-11-19 22:38:21,902 [main] INFO GTPL Bank - GTPL Bank internet banking login is successfull in production environment on edge browser
2024-11-19 22:38:22,675 [main] INFO GTPL Bank - Application logout successful
2024-11-19 22:38:22,677 [main] INFO GTPL Bank - Completed verification for login and logout of application
2024-11-19 22:38:27,173 [main] INFO GTPL Bank - Initiated verification for presence of all pages in the application
2024-11-19 22:38:29,305 [main] INFO GTPL Bank - GTPL Bank internet banking login is successfull in production environment on edge browser
2024-11-19 22:38:30,010 [main] INFO GTPL Bank - Verified presence of manager page, working as expected
2024-11-19 22:38:30,738 [main] INFO GTPL Bank - Verified presence of new customer page, working as expected
2024-11-19 22:38:31,733 [main] INFO GTPL Bank - Verified presence of edit customer page, working as expected
2024-11-19 22:38:32,755 [main] INFO GTPL Bank - Verified presence of delete customer page, working as expected
2024-11-19 22:38:33,830 [main] INFO GTPL Bank - Verified presence of new account page, working as expected
2024-11-19 22:38:35,006 [main] INFO GTPL Bank - Verified presence of edit account page, working as expected
2024-11-19 22:38:35,928 [main] INFO GTPL Bank - Verified presence of delete account page, working as expected
2024-11-19 22:38:36,808 [main] INFO GTPL Bank - Verified presence of mini statement page, working as expected
2024-11-19 22:38:37,700 [main] INFO GTPL Bank - Verified presence of customised statement page, working as expected
2024-11-19 22:38:38,747 [main] INFO GTPL Bank - Application logout successful
2024-11-19 22:38:38,749 [main] INFO GTPL Bank - Completed verification for presence of all pages in the application
2024-11-20 18:06:08,361 [main] INFO GTPL Bank - Initiated verification for login and logout of application
2024-11-20 18:06:10,966 [main] INFO GTPL Bank - GTPL Bank internet banking login is successfull in production environment on edge browser
2024-11-20 18:06:11,858 [main] INFO GTPL Bank - Application logout successful
2024-11-20 18:06:11,859 [main] INFO GTPL Bank - Completed verification for login and logout of application
2024-11-20 18:06:16,502 [main] INFO GTPL Bank - Initiated verification for presence of all pages in the application
2024-11-20 18:06:17,951 [main] INFO GTPL Bank - GTPL Bank internet banking login is successfull in production environment on edge browser
2024-11-20 18:06:18,519 [main] INFO GTPL Bank - Verified presence of manager page, working as expected
2024-11-20 18:06:19,199 [main] INFO GTPL Bank - Verified presence of new customer page, working as expected
2024-11-20 18:06:20,199 [main] INFO GTPL Bank - Verified presence of edit customer page, working as expected
2024-11-20 18:06:21,018 [main] INFO GTPL Bank - Verified presence of delete customer page, working as expected
2024-11-20 18:06:21,967 [main] INFO GTPL Bank - Verified presence of new account page, working as expected
2024-11-20 18:06:22,860 [main] INFO GTPL Bank - Verified presence of edit account page, working as expected
2024-11-20 18:06:23,779 [main] INFO GTPL Bank - Verified presence of delete account page, working as expected
2024-11-20 18:06:24,703 [main] INFO GTPL Bank - Verified presence of mini statement page, working as expected
2024-11-20 18:06:25,626 [main] INFO GTPL Bank - Verified presence of customised statement page, working as expected
2024-11-20 18:06:26,396 [main] INFO GTPL Bank - Application logout successful
2024-11-20 18:06:26,397 [main] INFO GTPL Bank - Completed verification for presence of all pages in the application
2024-11-20 18:20:22,843 [main] INFO GTPL Bank - Initiated verification for login and logout of application
2024-11-20 18:20:26,204 [main] INFO GTPL Bank - GTPL Bank internet banking login is successfull in production environment on edge browser
2024-11-20 18:20:26,962 [main] INFO GTPL Bank - Application logout successful
2024-11-20 18:20:26,962 [main] INFO GTPL Bank - Completed verification for login and logout of application
2024-11-20 18:20:32,482 [main] INFO GTPL Bank - Initiated verification for presence of all pages in the application
2024-11-20 18:20:33,909 [main] INFO GTPL Bank - GTPL Bank internet banking login is successfull in production environment on edge browser
2024-11-20 18:20:34,478 [main] INFO GTPL Bank - Verified presence of manager page, working as expected
2024-11-20 18:20:35,161 [main] INFO GTPL Bank - Verified presence of new customer page, working as expected
2024-11-20 18:20:35,965 [main] INFO GTPL Bank - Verified presence of edit customer page, working as expected
2024-11-20 18:20:36,891 [main] INFO GTPL Bank - Verified presence of delete customer page, working as expected
2024-11-20 18:20:37,922 [main] INFO GTPL Bank - Verified presence of new account page, working as expected
2024-11-20 18:20:39,093 [main] INFO GTPL Bank - Verified presence of edit account page, working as expected
2024-11-20 18:20:39,911 [main] INFO GTPL Bank - Verified presence of delete account page, working as expected
2024-11-20 18:20:40,927 [main] INFO GTPL Bank - Verified presence of mini statement page, working as expected
2024-11-20 18:20:41,973 [main] INFO GTPL Bank - Verified presence of customised statement page, working as expected
2024-11-20 18:20:42,830 [main] INFO GTPL Bank - Application logout successful
2024-11-20 18:20:42,831 [main] INFO GTPL Bank - Completed verification for presence of all pages in the application
2024-11-20 18:57:54,059 [main] INFO GTPL Bank - Initiated verification for login and logout of application
2024-11-20 18:57:56,787 [main] INFO GTPL Bank - GTPL Bank internet banking login is successfull in production environment on edge browser
2024-11-20 18:57:57,588 [main] INFO GTPL Bank - Application logout successful
2024-11-20 18:57:57,589 [main] INFO GTPL Bank - Completed verification for login and logout of application
2024-11-20 18:58:14,965 [main] INFO GTPL Bank - Initiated verification for presence of all pages in the application
2024-11-20 18:58:16,970 [main] INFO GTPL Bank - GTPL Bank internet banking login is successfull in production environment on edge browser
2024-11-20 18:58:17,584 [main] INFO GTPL Bank - Verified presence of manager page, working as expected
2024-11-20 18:58:18,173 [main] INFO GTPL Bank - Verified presence of new customer page, working as expected
2024-11-20 18:58:19,107 [main] INFO GTPL Bank - Verified presence of edit customer page, working as expected
2024-11-20 18:58:20,045 [main] INFO GTPL Bank - Verified presence of delete customer page, working as expected
2024-11-20 18:58:21,164 [main] INFO GTPL Bank - Verified presence of new account page, working as expected
2024-11-20 18:58:22,048 [main] INFO GTPL Bank - Verified presence of edit account page, working as expected
2024-11-20 18:58:23,017 [main] INFO GTPL Bank - Verified presence of delete account page, working as expected
2024-11-20 18:58:23,921 [main] INFO GTPL Bank - Verified presence of mini statement page, working as expected
2024-11-20 18:58:24,866 [main] INFO GTPL Bank - Verified presence of customised statement page, working as expected
2024-11-20 18:58:25,820 [main] INFO GTPL Bank - Application logout successful
2024-11-20 18:58:25,821 [main] INFO GTPL Bank - Completed verification for presence of all pages in the application
2024-11-20 19:16:43,037 [main] INFO GTPL Bank - Initiated verification for login and logout of application
2024-11-20 19:16:45,956 [main] INFO GTPL Bank - GTPL Bank internet banking login is successfull in production environment on edge browser
2024-11-20 19:16:46,951 [main] INFO GTPL Bank - Application logout successful
2024-11-20 19:16:46,951 [main] INFO GTPL Bank - Completed verification for login and logout of application
2024-11-20 19:16:51,203 [main] INFO GTPL Bank - Initiated verification for presence of all pages in the application
2024-11-20 19:16:52,638 [main] INFO GTPL Bank - GTPL Bank internet banking login is successfull in production environment on edge browser
2024-11-20 19:34:53,798 [main] INFO GTPL Bank - Initiated verification for login and logout of application
2024-11-20 19:35:01,986 [main] INFO GTPL Bank - GTPL Bank internet banking login is successfull in production environment on edge browser
2024-11-20 19:35:08,354 [main] INFO GTPL Bank - Application logout successful
2024-11-20 19:35:08,355 [main] INFO GTPL Bank - Completed verification for login and logout of application
2024-11-20 19:35:13,882 [main] INFO GTPL Bank - Initiated verification for presence of all pages in the application
2024-11-20 19:35:20,760 [main] INFO GTPL Bank - GTPL Bank internet banking login is successfull in production environment on edge browser
2024-11-20 19:35:26,862 [main] INFO GTPL Bank - Verified presence of manager page, working as expected
2024-11-20 19:35:32,964 [main] INFO GTPL Bank - Verified presence of new customer page, working as expected
2024-11-20 19:35:36,040 [main] INFO GTPL Bank - Verified presence of edit customer page, working as expected
2024-11-20 19:35:36,862 [main] INFO GTPL Bank - Verified presence of delete customer page, working as expected
2024-11-20 19:35:43,497 [main] INFO GTPL Bank - Verified presence of new account page, working as expected
2024-11-20 19:35:50,096 [main] INFO GTPL Bank - Verified presence of edit account page, working as expected
2024-11-20 19:35:56,672 [main] INFO GTPL Bank - Verified presence of delete account page, working as expected
2024-11-20 19:36:03,186 [main] INFO GTPL Bank - Verified presence of mini statement page, working as expected
2024-11-20 19:36:09,708 [main] INFO GTPL Bank - Verified presence of customised statement page, working as expected
2024-11-20 19:36:15,961 [main] INFO GTPL Bank - Application logout successful
2024-11-20 19:36:15,962 [main] INFO GTPL Bank - Completed verification for presence of all pages in the application
2024-11-20 20:43:55,098 [main] INFO GTPL Bank - Initiated verification for login and logout of application
2024-11-20 20:43:57,504 [main] INFO GTPL Bank - GTPL Bank internet banking login is successfull in production environment on edge browser
2024-11-20 20:43:58,266 [main] INFO GTPL Bank - Application logout successful
2024-11-20 20:43:58,267 [main] INFO GTPL Bank - Completed verification for login and logout of application
2024-11-20 20:44:04,385 [main] INFO GTPL Bank - Initiated verification for presence of all pages in the application
2024-11-20 20:44:05,825 [main] INFO GTPL Bank - GTPL Bank internet banking login is successfull in production environment on edge browser
2024-11-20 20:44:06,256 [main] INFO GTPL Bank - Verified presence of manager page, working as expected
2024-11-20 20:44:06,706 [main] INFO GTPL Bank - Verified presence of new customer page, working as expected
2024-11-20 20:44:07,375 [main] INFO GTPL Bank - Verified presence of edit customer page, working as expected
2024-11-20 20:44:08,048 [main] INFO GTPL Bank - Verified presence of delete customer page, working as expected
2024-11-20 20:44:08,725 [main] INFO GTPL Bank - Verified presence of new account page, working as expected
2024-11-20 20:44:10,209 [main] INFO GTPL Bank - Verified presence of edit account page, working as expected
2024-11-20 20:44:10,896 [main] INFO GTPL Bank - Verified presence of delete account page, working as expected
2024-11-20 20:44:11,710 [main] INFO GTPL Bank - Verified presence of mini statement page, working as expected
2024-11-20 20:44:12,414 [main] INFO GTPL Bank - Verified presence of customised statement page, working as expected
2024-11-20 20:44:13,089 [main] INFO GTPL Bank - Application logout successful
2024-11-20 20:44:13,090 [main] INFO GTPL Bank - Completed verification for presence of all pages in the application
2024-11-20 20:45:58,049 [main] INFO GTPL Bank - Initiated verification for login and logout of application
2024-11-20 20:45:59,974 [main] INFO GTPL Bank - GTPL Bank internet banking login is successfull in production environment on edge browser
2024-11-20 20:46:00,643 [main] INFO GTPL Bank - Application logout successful
2024-11-20 20:46:00,644 [main] INFO GTPL Bank - Completed verification for login and logout of application
2024-11-20 20:46:04,743 [main] INFO GTPL Bank - Initiated verification for presence of all pages in the application
2024-11-20 20:46:06,226 [main] INFO GTPL Bank - GTPL Bank internet banking login is successfull in production environment on edge browser
2024-11-20 20:46:06,843 [main] INFO GTPL Bank - Verified presence of manager page, working as expected
2024-11-20 20:46:07,454 [main] INFO GTPL Bank - Verified presence of new customer page, working as expected
2024-11-20 20:46:08,172 [main] INFO GTPL Bank - Verified presence of edit customer page, working as expected
2024-11-20 20:46:08,876 [main] INFO GTPL Bank - Verified presence of delete customer page, working as expected
2024-11-20 20:46:09,597 [main] INFO GTPL Bank - Verified presence of new account page, working as expected
2024-11-20 20:46:10,399 [main] INFO GTPL Bank - Verified presence of edit account page, working as expected
2024-11-20 20:46:11,281 [main] INFO GTPL Bank - Verified presence of delete account page, working as expected
2024-11-20 20:46:12,052 [main] INFO GTPL Bank - Verified presence of mini statement page, working as expected
2024-11-20 20:46:12,840 [main] INFO GTPL Bank - Verified presence of customised statement page, working as expected
2024-11-20 20:46:13,589 [main] INFO GTPL Bank - Application logout successful
2024-11-20 20:46:13,589 [main] INFO GTPL Bank - Completed verification for presence of all pages in the application
2024-11-20 20:57:51,494 [main] INFO GTPL Bank - Initiated verification for login and logout of application
2024-11-20 20:57:53,880 [main] INFO GTPL Bank - GTPL Bank internet banking login is successfull in production environment on edge browser
2024-11-20 20:57:54,735 [main] INFO GTPL Bank - Application logout successful
2024-11-20 20:57:54,736 [main] INFO GTPL Bank - Completed verification for login and logout of application
2024-11-20 20:57:59,244 [main] INFO GTPL Bank - Initiated verification for presence of all pages in the application
2024-11-20 20:58:00,636 [main] INFO GTPL Bank - GTPL Bank internet banking login is successfull in production environment on edge browser
2024-11-20 20:58:01,177 [main] INFO GTPL Bank - Verified presence of manager page, working as expected
2024-11-20 20:58:01,768 [main] INFO GTPL Bank - Verified presence of new customer page, working as expected
2024-11-20 20:58:02,508 [main] INFO GTPL Bank - Verified presence of edit customer page, working as expected
2024-11-20 20:58:03,251 [main] INFO GTPL Bank - Verified presence of delete customer page, working as expected
2024-11-20 20:58:04,028 [main] INFO GTPL Bank - Verified presence of new account page, working as expected
2024-11-20 20:58:05,630 [main] INFO GTPL Bank - Verified presence of edit account page, working as expected
2024-11-20 20:58:06,407 [main] INFO GTPL Bank - Verified presence of delete account page, working as expected
2024-11-20 20:58:07,198 [main] INFO GTPL Bank - Verified presence of mini statement page, working as expected
2024-11-20 20:58:07,989 [main] INFO GTPL Bank - Verified presence of customised statement page, working as expected
2024-11-20 20:58:08,653 [main] INFO GTPL Bank - Application logout successful
2024-11-20 20:58:08,654 [main] INFO GTPL Bank - Completed verification for presence of all pages in the application
2024-11-20 21:08:46,219 [main] INFO GTPL Bank - Initiated verification for login and logout of application
2024-11-20 21:08:49,259 [main] INFO GTPL Bank - GTPL Bank internet banking login is successfull in production environment on edge browser
2024-11-20 21:08:49,922 [main] INFO GTPL Bank - Application logout successful
2024-11-20 21:08:49,923 [main] INFO GTPL Bank - Completed verification for login and logout of application
2024-11-20 21:08:59,539 [main] INFO GTPL Bank - Initiated verification for presence of all pages in the application
2024-11-20 21:09:00,790 [main] INFO GTPL Bank - GTPL Bank internet banking login is successfull in production environment on edge browser
2024-11-20 21:09:01,260 [main] INFO GTPL Bank - Verified presence of manager page, working as expected
2024-11-20 21:09:01,808 [main] INFO GTPL Bank - Verified presence of new customer page, working as expected
2024-11-20 21:09:02,473 [main] INFO GTPL Bank - Verified presence of edit customer page, working as expected
2024-11-20 21:09:03,145 [main] INFO GTPL Bank - Verified presence of delete customer page, working as expected
2024-11-20 21:09:04,690 [main] INFO GTPL Bank - Verified presence of new account page, working as expected
2024-11-20 21:09:05,371 [main] INFO GTPL Bank - Verified presence of edit account page, working as expected
2024-11-20 21:09:06,013 [main] INFO GTPL Bank - Verified presence of delete account page, working as expected
2024-11-20 21:09:07,471 [main] INFO GTPL Bank - Verified presence of mini statement page, working as expected
2024-11-20 21:09:08,120 [main] INFO GTPL Bank - Verified presence of customised statement page, working as expected
2024-11-20 21:09:08,756 [main] INFO GTPL Bank - Application logout successful
2024-11-20 21:09:08,756 [main] INFO GTPL Bank - Completed verification for presence of all pages in the application
2024-11-20 21:09:32,437 [main] INFO GTPL Bank - Initiated verification for login and logout of application
2024-11-20 21:09:34,279 [main] INFO GTPL Bank - GTPL Bank internet banking login is successfull in production environment on edge browser
2024-11-20 21:09:34,950 [main] INFO GTPL Bank - Application logout successful
2024-11-20 21:09:34,952 [main] INFO GTPL Bank - Completed verification for login and logout of application
2024-11-20 21:09:39,673 [main] INFO GTPL Bank - Initiated verification for presence of all pages in the application
2024-11-20 21:09:40,798 [main] INFO GTPL Bank - GTPL Bank internet banking login is successfull in production environment on edge browser
2024-11-20 21:09:41,242 [main] INFO GTPL Bank - Verified presence of manager page, working as expected
2024-11-20 21:09:41,707 [main] INFO GTPL Bank - Verified presence of new customer page, working as expected
2024-11-20 21:09:42,369 [main] INFO GTPL Bank - Verified presence of edit customer page, working as expected
2024-11-20 21:09:43,043 [main] INFO GTPL Bank - Verified presence of delete customer page, working as expected
2024-11-20 21:09:43,741 [main] INFO GTPL Bank - Verified presence of new account page, working as expected
2024-11-20 21:09:44,400 [main] INFO GTPL Bank - Verified presence of edit account page, working as expected
2024-11-20 21:09:45,052 [main] INFO GTPL Bank - Verified presence of delete account page, working as expected
2024-11-20 21:09:45,726 [main] INFO GTPL Bank - Verified presence of mini statement page, working as expected
2024-11-20 21:09:46,382 [main] INFO GTPL Bank - Verified presence of customised statement page, working as expected
2024-11-20 21:09:47,019 [main] INFO GTPL Bank - Application logout successful
2024-11-20 21:09:47,020 [main] INFO GTPL Bank - Completed verification for presence of all pages in the application
